#
# There is insufficient memory for the Java Runtime Environment to continue.
# Native memory allocation (mmap) failed to map 266338304 bytes for Failed to commit area from 0x0000000702600000 to 0x0000000712400000 of length 266338304.
# Possible reasons:
#   The system is out of physical RAM or swap space
#   The process is running with CompressedOops enabled, and the Java Heap may be blocking the growth of the native heap
# Possible solutions:
#   Reduce memory load on the system
#   Increase physical memory or swap space
#   Check if swap backing store is full
#   Decrease Java heap size (-Xmx/-Xms)
#   Decrease number of Java threads
#   Decrease Java thread stack sizes (-Xss)
#   Set larger code cache with -XX:ReservedCodeCacheSize=
# This output file may be truncated or incomplete.
#
#  Out of Memory Error (./src/hotspot/os/windows/os_windows.cpp:3301), pid=8544, tid=16640
#
# JRE version:  (11.0.11+9) (build )
# Java VM: OpenJDK 64-Bit Server VM (11.0.11+9-b60-7590822, mixed mode, sharing, tiered, compressed oops, g1 gc, windows-amd64)
# No core dump will be written. Minidumps are not enabled by default on client versions of Windows
#

---------------  S U M M A R Y ------------

Command Line: org.jetbrains.kotlin.cli.jvm.K2JVMCompiler @C:\Users\Freestanchik\MobileDeviceProgramming\lab5\BNV\app\build\20220429_6818855193478774143.compiler.options

Host: Intel(R) Core(TM) i5-8300H CPU @ 2.30GHz, 8 cores, 15G,  Windows 10 , 64 bit Build 19041 (10.0.19041.1566)
Time: Fri Apr 29 19:55:39 2022 Финляндия (лето) elapsed time: 0.012885 seconds (0d 0h 0m 0s)

---------------  T H R E A D  ---------------

Current thread (0x000002cd2271e800):  JavaThread "Unknown thread" [_thread_in_vm, id=16640, stack(0x000000fd23200000,0x000000fd23300000)]

Stack: [0x000000fd23200000,0x000000fd23300000]
Native frames: (J=compiled Java code, j=interpreted, Vv=VM code, C=native code)
V  [jvm.dll+0x5f214a]
V  [jvm.dll+0x726fb5]
V  [jvm.dll+0x7285cd]
V  [jvm.dll+0x728c83]
V  [jvm.dll+0x243278]
V  [jvm.dll+0x5ef544]
V  [jvm.dll+0x5e4495]
V  [jvm.dll+0x2fec5b]
V  [jvm.dll+0x2febca]
V  [jvm.dll+0x2feaa2]
V  [jvm.dll+0x303986]
V  [jvm.dll+0x34c3a3]
V  [jvm.dll+0x34caa6]
V  [jvm.dll+0x34c4a3]
V  [jvm.dll+0x2d9688]
V  [jvm.dll+0x2da837]
V  [jvm.dll+0x705ba7]
V  [jvm.dll+0x70739c]
V  [jvm.dll+0x3598f9]
V  [jvm.dll+0x6e931e]
V  [jvm.dll+0x3c1c43]
V  [jvm.dll+0x3c3e81]
C  [jli.dll+0x5373]
C  [ucrtbase.dll+0x21bb2]
C  [KERNEL32.DLL+0x17034]
C  [ntdll.dll+0x52651]


---------------  P R O C E S S  ---------------

Threads class SMR info:
_java_thread_list=0x000002cd22623130, length=0, elements={
}

Java Threads: ( => current thread )

Other Threads:
  0x000002cd22736800 GCTaskThread "GC Thread#0" [stack: 0x000000fd23300000,0x000000fd23400000] [id=6400]
  0x000002cd22795800 ConcurrentGCThread "G1 Main Marker" [stack: 0x000000fd23400000,0x000000fd23500000] [id=15784]
  0x000002cd22797000 ConcurrentGCThread "G1 Conc#0" [stack: 0x000000fd23500000,0x000000fd23600000] [id=20420]

[error occurred during error reporting (printing all threads), id 0xc0000005, EXCEPTION_ACCESS_VIOLATION (0xc0000005) at pc=0x00007ffeaaf39c47]

VM state:not at safepoint (not fully initialized)

VM Mutex/Monitor currently owned by a thread:  ([mutex/lock_event])
[0x000002cd2271bdc0] Heap_lock - owner thread: 0x000002cd2271e800

Heap address: 0x0000000702600000, size: 4058 MB, Compressed Oops mode: Non-zero based: 0x0000000702600000
Narrow klass base: 0x0000000000000000, Narrow klass shift: 0

GC Heap History (0 events):
No events

Deoptimization events (0 events):
No events

Classes redefined (0 events):
No events

Internal exceptions (0 events):
No events

Events (1 events):
Event: 0.009 Loaded shared library C:\Users\Freestanchik\AppData\Local\JetBrains\Toolbox\apps\AndroidStudio\ch-0\211.7628.21.2111.8193401\jre\bin\zip.dll


Dynamic libraries:
0x00007ff7b1820000 - 0x00007ff7b182a000 	C:\Users\Freestanchik\AppData\Local\JetBrains\Toolbox\apps\AndroidStudio\ch-0\211.7628.21.2111.8193401\jre\bin\java.exe
0x00007fff13630000 - 0x00007fff13825000 	C:\WINDOWS\SYSTEM32\ntdll.dll
0x00007fff13360000 - 0x00007fff1341e000 	C:\WINDOWS\System32\KERNEL32.DLL
0x00007fff11350000 - 0x00007fff11618000 	C:\WINDOWS\System32\KERNELBASE.dll
0x00007fff10e80000 - 0x00007fff10f80000 	C:\WINDOWS\System32\ucrtbase.dll
0x00007ffeee910000 - 0x00007ffeee929000 	C:\Users\Freestanchik\AppData\Local\JetBrains\Toolbox\apps\AndroidStudio\ch-0\211.7628.21.2111.8193401\jre\bin\jli.dll
0x00007ffee6f30000 - 0x00007ffee6f47000 	C:\Users\Freestanchik\AppData\Local\JetBrains\Toolbox\apps\AndroidStudio\ch-0\211.7628.21.2111.8193401\jre\bin\VCRUNTIME140.dll
0x00007fff12a90000 - 0x00007fff12c30000 	C:\WINDOWS\System32\USER32.dll
0x00007ffefbf30000 - 0x00007ffefc1ca000 	C:\WINDOWS\WinSxS\amd64_microsoft.windows.common-controls_6595b64144ccf1df_6.0.19041.1110_none_60b5254171f9507e\COMCTL32.dll
0x00007fff11090000 - 0x00007fff110b2000 	C:\WINDOWS\System32\win32u.dll
0x00007fff131e0000 - 0x00007fff1327e000 	C:\WINDOWS\System32\msvcrt.dll
0x00007fff11740000 - 0x00007fff1176b000 	C:\WINDOWS\System32\GDI32.dll
0x00007fff10f80000 - 0x00007fff1108b000 	C:\WINDOWS\System32\gdi32full.dll
0x00007fff10de0000 - 0x00007fff10e7d000 	C:\WINDOWS\System32\msvcp_win.dll
0x00007fff12c30000 - 0x00007fff12c60000 	C:\WINDOWS\System32\IMM32.DLL
0x00007ffedc5f0000 - 0x00007ffedc68d000 	C:\Users\Freestanchik\AppData\Local\JetBrains\Toolbox\apps\AndroidStudio\ch-0\211.7628.21.2111.8193401\jre\bin\msvcp140.dll
0x00007ffeaac50000 - 0x00007ffeab725000 	C:\Users\Freestanchik\AppData\Local\JetBrains\Toolbox\apps\AndroidStudio\ch-0\211.7628.21.2111.8193401\jre\bin\server\jvm.dll
0x00007fff12860000 - 0x00007fff1290e000 	C:\WINDOWS\System32\ADVAPI32.dll
0x00007fff116a0000 - 0x00007fff1173c000 	C:\WINDOWS\System32\sechost.dll
0x00007fff11e30000 - 0x00007fff11f55000 	C:\WINDOWS\System32\RPCRT4.dll
0x00007fff11690000 - 0x00007fff11698000 	C:\WINDOWS\System32\PSAPI.DLL
0x00007ffefe880000 - 0x00007ffefe8a7000 	C:\WINDOWS\SYSTEM32\WINMM.dll
0x00007ffef3030000 - 0x00007ffef3039000 	C:\WINDOWS\SYSTEM32\WSOCK32.dll
0x00007fff096b0000 - 0x00007fff096ba000 	C:\WINDOWS\SYSTEM32\VERSION.dll
0x00007fff12910000 - 0x00007fff1297b000 	C:\WINDOWS\System32\WS2_32.dll
0x00007fff0ec60000 - 0x00007fff0ec72000 	C:\WINDOWS\SYSTEM32\kernel.appcore.dll
0x00007fff0bbf0000 - 0x00007fff0bc01000 	C:\Users\Freestanchik\AppData\Local\JetBrains\Toolbox\apps\AndroidStudio\ch-0\211.7628.21.2111.8193401\jre\bin\verify.dll
0x00007fff0e2e0000 - 0x00007fff0e4c4000 	C:\WINDOWS\SYSTEM32\DBGHELP.DLL
0x00007fff08c20000 - 0x00007fff08c4c000 	C:\WINDOWS\SYSTEM32\dbgcore.DLL
0x00007fff10d50000 - 0x00007fff10dd2000 	C:\WINDOWS\System32\bcryptPrimitives.dll
0x00007fff0ba80000 - 0x00007fff0baa9000 	C:\Users\Freestanchik\AppData\Local\JetBrains\Toolbox\apps\AndroidStudio\ch-0\211.7628.21.2111.8193401\jre\bin\java.dll
0x00007fff0c590000 - 0x00007fff0c59b000 	C:\Users\Freestanchik\AppData\Local\JetBrains\Toolbox\apps\AndroidStudio\ch-0\211.7628.21.2111.8193401\jre\bin\jimage.dll
0x00007fff0b3b0000 - 0x00007fff0b3c8000 	C:\Users\Freestanchik\AppData\Local\JetBrains\Toolbox\apps\AndroidStudio\ch-0\211.7628.21.2111.8193401\jre\bin\zip.dll

dbghelp: loaded successfully - version: 4.0.5 - missing functions: none
symbol engine: initialized successfully - sym options: 0x614 - pdb path: .;C:\Users\Freestanchik\AppData\Local\JetBrains\Toolbox\apps\AndroidStudio\ch-0\211.7628.21.2111.8193401\jre\bin;C:\WINDOWS\SYSTEM32;C:\WINDOWS\WinSxS\amd64_microsoft.windows.common-controls_6595b64144ccf1df_6.0.19041.1110_none_60b5254171f9507e;C:\Users\Freestanchik\AppData\Local\JetBrains\Toolbox\apps\AndroidStudio\ch-0\211.7628.21.2111.8193401\jre\bin\server

VM Arguments:
java_command: org.jetbrains.kotlin.cli.jvm.K2JVMCompiler @C:\Users\Freestanchik\MobileDeviceProgramming\lab5\BNV\app\build\20220429_6818855193478774143.compiler.options
java_class_path (initial): C:\Users\Freestanchik\.gradle\caches\modules-2\files-2.1\org.jetbrains.kotlin\kotlin-compiler-embeddable\1.6.10\88f2073f4020cdb83132cfe940ceb9a60aba54ea\kotlin-compiler-embeddable-1.6.10.jar;C:\Users\Freestanchik\.gradle\caches\modules-2\files-2.1\org.jetbrains.kotlin\kotlin-reflect\1.6.10\1cbe9c92c12a94eea200d23c2bbaedaf3daf5132\kotlin-reflect-1.6.10.jar;C:\Users\Freestanchik\.gradle\caches\modules-2\files-2.1\org.jetbrains.kotlin\kotlin-stdlib\1.6.10\b8af3fe6f1ca88526914929add63cf5e7c5049af\kotlin-stdlib-1.6.10.jar;C:\Users\Freestanchik\.gradle\caches\modules-2\files-2.1\org.jetbrains.kotlin\kotlin-script-runtime\1.6.10\d0a7ff2e2500ef497ed0214ae40ad3c8387a6164\kotlin-script-runtime-1.6.10.jar;C:\Users\Freestanchik\.gradle\caches\modules-2\files-2.1\org.jetbrains.kotlin\kotlin-daemon-embeddable\1.6.10\a56d79bcbea411fa6058e4ecffc2de73e742bd2a\kotlin-daemon-embeddable-1.6.10.jar;C:\Users\Freestanchik\.gradle\caches\modules-2\files-2.1\org.jetbrains.intellij.deps\trove4j\1.0.20181211\216c2e14b070f334479d800987affe4054cd563f\trove4j-1.0.20181211.jar;C:\Users\Freestanchik\.gradle\caches\modules-2\files-2.1\net.java.dev.jna\jna\5.6.0\330f2244e9030119ab3030fc3fededc86713d9cc\jna-5.6.0.jar;C:\Users\Freestanchik\.gradle\caches\modules-2\files-2.1\org.jetbrains\annotations\13.0\919f0dfe192fb4e063e7dacadee7f8bb9a2672a9\annotations-13.0.jar;C:\Users\Freestanchik\.gradle\caches\modules-2\files-2.1\org.jetbrains.kotlin\kotlin-stdlib-common\1.6.10\c118700e3a33c8a0d9adc920e9dec0831171925\kotlin-stdlib-common-1.6.10.jar
Launcher Type: SUN_STANDARD

[Global flags]
     intx CICompilerCount                          = 4                                         {product} {ergonomic}
     uint ConcGCThreads                            = 2                                         {product} {ergonomic}
     uint G1ConcRefinementThreads                  = 8                                         {product} {ergonomic}
   size_t G1HeapRegionSize                         = 1048576                                   {product} {ergonomic}
    uintx GCDrainStackTargetSize                   = 64                                        {product} {ergonomic}
   size_t InitialHeapSize                          = 266338304                                 {product} {ergonomic}
   size_t MarkStackSize                            = 4194304                                   {product} {ergonomic}
   size_t MaxHeapSize                              = 4255121408                                {product} {ergonomic}
   size_t MinHeapDeltaBytes                        = 1048576                                   {product} {ergonomic}
    uintx NonNMethodCodeHeapSize                   = 5836300                                {pd product} {ergonomic}
    uintx NonProfiledCodeHeapSize                  = 122910970                              {pd product} {ergonomic}
    uintx ProfiledCodeHeapSize                     = 122910970                              {pd product} {ergonomic}
    uintx ReservedCodeCacheSize                    = 251658240                              {pd product} {ergonomic}
     bool SegmentedCodeCache                       = true                                      {product} {ergonomic}
     bool UseCompressedClassPointers               = true                                 {lp64_product} {ergonomic}
     bool UseCompressedOops                        = true                                 {lp64_product} {ergonomic}
     bool UseG1GC                                  = true                                      {product} {ergonomic}
     bool UseLargePagesIndividualAllocation        = false                                  {pd product} {ergonomic}

Logging:
Log output configuration:
 #0: stdout all=warning uptime,level,tags
 #1: stderr all=off uptime,level,tags

Environment Variables:
PATH=C:\Users\Freestanchik\gcc\bin;C:\Users\Freestanchik\gcc\libexec\gcc\x86_64-w64-mingw32\9.2.0;C:\Program Files\Common Files\Oracle\Java\javapath;C:\ProgramData\Oracle\Java\javapath;C:\Windows\system32;C:\Windows;C:\Windows\System32\Wbem;C:\Windows\System32\WindowsPowerShell\v1.0\;C:\Windows\System32\OpenSSH\;C:\Program Files (x86)\NVIDIA Corporation\PhysX\Common;C:\Program Files\NVIDIA Corporation\NVIDIA NvDLISR;C:\Program Files\Intel\WiFi\bin\;C:\Program Files\Common Files\Intel\WirelessCommon\;A:\things\Git\cmd;C:\WINDOWS\system32;C:\WINDOWS;C:\WINDOWS\System32\Wbem;C:\WINDOWS\System32\WindowsPowerShell\v1.0\;C:\WINDOWS\System32\OpenSSH\;A:\things\;C:\ProgramData\chocolatey\bin;C:\Program Files\Microsoft SQL Server\130\Tools\Binn\;C:\Program Files\dotnet\;C:\Program Files\Microsoft SQL Server\Client SDK\ODBC\170\Tools\Binn\;C:\Program Files\Docker\Docker\resources\bin;C:\ProgramData\DockerDesktop\version-bin;C:\Users\Freestanchik\AppData\Local\Microsoft\WindowsApps;C:\Program Files\Intel\WiFi\bin\;C:\Program Files\Common Files\Intel\WirelessCommon\;C:\Users\Freestanchik\AppData\Local\Programs\Microsoft VS Code\bin;C:\Users\Freestanchik\AppData\Roaming\npm;C:\Users\Freestanchik\.dotnet\tools;C:\Program Files\heroku\bin
USERNAME=Freestanchik
OS=Windows_NT
PROCESSOR_IDENTIFIER=Intel64 Family 6 Model 158 Stepping 10, GenuineIntel



---------------  S Y S T E M  ---------------

OS: Windows 10 , 64 bit Build 19041 (10.0.19041.1566)
OS uptime: 0 days 12:10 hours

CPU:total 8 (initial active 8) (4 cores per cpu, 2 threads per core) family 6 model 158 stepping 10 microcode 0xb4, cmov, cx8, fxsr, mmx, sse, sse2, sse3, ssse3, sse4.1, sse4.2, popcnt, avx, avx2, aes, clmul, erms, 3dnowpref, lzcnt, ht, tsc, tscinvbit, bmi1, bmi2, adx, fma

Memory: 4k page, system-wide physical 16226M (2811M free)
TotalPageFile size 20966M (AvailPageFile size 104M)
current process WorkingSet (physical memory assigned to process): 10M, peak: 10M
current process commit charge ("private bytes"): 60M, peak: 314M

vm_info: OpenJDK 64-Bit Server VM (11.0.11+9-b60-7590822) for windows-amd64 JRE (11.0.11+9-b60-7590822), built on Jul 29 2021 21:43:44 by "builder" with MS VC++ 14.0 (VS2015)

END.
